12:26:20.721  DEBUG org.testng.internal.Graph - [Graph] ADDING NODE TestClass.init()[pri:0, instance:null] 1827907944
12:26:20.725  DEBUG org.testng.internal.Graph - [Graph] ================ SORTING
12:26:20.727  DEBUG org.testng.internal.Graph - [Graph] =============== DONE SORTING
12:26:20.727  DEBUG org.testng.internal.Graph - [Graph] ====== SORTED NODES
12:26:20.728  DEBUG org.testng.internal.Graph - [Graph] ====== END SORTED NODES
12:26:20.734  DEBUG org.testng.internal.Graph - [Graph] ADDING NODE TestClass.init()[pri:0, instance:tests.TestClass@4a3631f8] 2075637136
12:26:20.735  DEBUG org.testng.internal.Graph - [Graph] ================ SORTING
12:26:20.735  DEBUG org.testng.internal.Graph - [Graph] =============== DONE SORTING
12:26:20.735  DEBUG org.testng.internal.Graph - [Graph] ====== SORTED NODES
12:26:20.735  DEBUG org.testng.internal.Graph - [Graph] ====== END SORTED NODES
12:26:20.736  DEBUG org.testng.internal.Graph - [Graph] ADDING NODE TestClass.f1()[pri:0, instance:tests.TestClass@4a3631f8] 1976274727
12:26:20.736  DEBUG org.testng.internal.Graph - [Graph] ================ SORTING
12:26:20.736  DEBUG org.testng.internal.Graph - [Graph] =============== DONE SORTING
12:26:20.736  DEBUG org.testng.internal.Graph - [Graph] ====== SORTED NODES
12:26:20.737  DEBUG org.testng.internal.Graph - [Graph] ====== END SORTED NODES
12:26:20.862  DEBUG i.n.u.i.l.InternalLoggerFactory - Using SLF4J as the default logging framework
12:26:20.866  DEBUG io.netty.util.ResourceLeakDetector - -Dio.netty.leakDetection.level: simple
12:26:20.867  DEBUG io.netty.util.ResourceLeakDetector - -Dio.netty.leakDetection.targetRecords: 4
12:26:20.872  DEBUG i.n.util.ResourceLeakDetectorFactory - Loaded default ResourceLeakDetector: io.netty.util.ResourceLeakDetector@158a3b2e
12:26:20.890  DEBUG i.n.util.internal.PlatformDependent0 - -Dio.netty.noUnsafe: false
12:26:20.890  DEBUG i.n.util.internal.PlatformDependent0 - Java version: 14
12:26:20.892  DEBUG i.n.util.internal.PlatformDependent0 - sun.misc.Unsafe.theUnsafe: available
12:26:20.893  DEBUG i.n.util.internal.PlatformDependent0 - sun.misc.Unsafe.copyMemory: available
12:26:20.894  DEBUG i.n.util.internal.PlatformDependent0 - sun.misc.Unsafe.storeFence: available
12:26:20.894  DEBUG i.n.util.internal.PlatformDependent0 - java.nio.Buffer.address: available
12:26:20.895  DEBUG i.n.util.internal.PlatformDependent0 - direct buffer constructor: unavailable: Reflective setAccessible(true) disabled
12:26:20.896  DEBUG i.n.util.internal.PlatformDependent0 - java.nio.Bits.unaligned: available, true
12:26:20.898  DEBUG i.n.util.internal.PlatformDependent0 - jdk.internal.misc.Unsafe.allocateUninitializedArray(int): unavailable: class io.netty.util.internal.PlatformDependent0$7 cannot access class jdk.internal.misc.Unsafe (in module java.base) because module java.base does not export jdk.internal.misc to unnamed module @1a9c38eb
12:26:20.899  DEBUG i.n.util.internal.PlatformDependent0 - java.nio.DirectByteBuffer.<init>(long, int): unavailable
12:26:20.899  DEBUG i.n.util.internal.PlatformDependent - sun.misc.Unsafe: available
12:26:20.909  DEBUG i.n.util.internal.PlatformDependent - maxDirectMemory: 536870912 bytes (maybe)
12:26:20.910  DEBUG i.n.util.internal.PlatformDependent - -Dio.netty.tmpdir: /var/folders/ng/7tbfyrwj0bb44lr5tqlxqgnh0000gp/T (java.io.tmpdir)
12:26:20.910  DEBUG i.n.util.internal.PlatformDependent - -Dio.netty.bitMode: 64 (sun.arch.data.model)
12:26:20.911  DEBUG i.n.util.internal.PlatformDependent - Platform: MacOS
12:26:20.912  DEBUG i.n.util.internal.PlatformDependent - -Dio.netty.maxDirectMemory: -1 bytes
12:26:20.913  DEBUG i.n.util.internal.PlatformDependent - -Dio.netty.uninitializedArrayAllocationThreshold: -1
12:26:20.914  DEBUG io.netty.util.internal.CleanerJava9 - java.nio.ByteBuffer.cleaner(): available
12:26:20.914  DEBUG i.n.util.internal.PlatformDependent - -Dio.netty.noPreferDirect: false
12:26:20.921  DEBUG i.n.util.internal.PlatformDependent - org.jctools-core.MpscChunkedArrayQueue: available
12:26:20.944  DEBUG i.n.u.i.InternalThreadLocalMap - -Dio.netty.threadLocalMap.stringBuilder.initialSize: 1024
12:26:20.944  DEBUG i.n.u.i.InternalThreadLocalMap - -Dio.netty.threadLocalMap.stringBuilder.maxSize: 4096
12:26:21.068  DEBUG io.netty.handler.ssl.JdkSslContext - Default protocols (JDK): [TLSv1.3, TLSv1.2, TLSv1.1, TLSv1] 
12:26:21.068  DEBUG io.netty.handler.ssl.JdkSslContext - Default cipher suites (JDK): [TLS_ECDHE_ECDSA_WITH_AES_256_GCM_SHA384, TLS_ECDHE_ECDSA_WITH_AES_128_GCM_SHA256, TLS_ECDHE_RSA_WITH_AES_128_GCM_SHA256, TLS_ECDHE_RSA_WITH_AES_256_GCM_SHA384, TLS_ECDHE_RSA_WITH_AES_128_CBC_SHA, TLS_ECDHE_RSA_WITH_AES_256_CBC_SHA, TLS_RSA_WITH_AES_128_GCM_SHA256, TLS_RSA_WITH_AES_128_CBC_SHA, TLS_RSA_WITH_AES_256_CBC_SHA, TLS_AES_128_GCM_SHA256, TLS_AES_256_GCM_SHA384]
12:26:21.088  DEBUG i.n.c.MultithreadEventLoopGroup - -Dio.netty.eventLoopThreads: 24
12:26:21.095  DEBUG io.netty.channel.nio.NioEventLoop - -Dio.netty.noKeySetOptimization: false
12:26:21.095  DEBUG io.netty.channel.nio.NioEventLoop - -Dio.netty.selectorAutoRebuildThreshold: 512
12:26:21.122  DEBUG i.n.buffer.PooledByteBufAllocator - -Dio.netty.allocator.numHeapArenas: 21
12:26:21.123  DEBUG i.n.buffer.PooledByteBufAllocator - -Dio.netty.allocator.numDirectArenas: 21
12:26:21.123  DEBUG i.n.buffer.PooledByteBufAllocator - -Dio.netty.allocator.pageSize: 8192
12:26:21.123  DEBUG i.n.buffer.PooledByteBufAllocator - -Dio.netty.allocator.maxOrder: 9
12:26:21.123  DEBUG i.n.buffer.PooledByteBufAllocator - -Dio.netty.allocator.chunkSize: 4194304
12:26:21.123  DEBUG i.n.buffer.PooledByteBufAllocator - -Dio.netty.allocator.smallCacheSize: 256
12:26:21.123  DEBUG i.n.buffer.PooledByteBufAllocator - -Dio.netty.allocator.normalCacheSize: 64
12:26:21.124  DEBUG i.n.buffer.PooledByteBufAllocator - -Dio.netty.allocator.maxCachedBufferCapacity: 32768
12:26:21.124  DEBUG i.n.buffer.PooledByteBufAllocator - -Dio.netty.allocator.cacheTrimInterval: 8192
12:26:21.124  DEBUG i.n.buffer.PooledByteBufAllocator - -Dio.netty.allocator.cacheTrimIntervalMillis: 0
12:26:21.124  DEBUG i.n.buffer.PooledByteBufAllocator - -Dio.netty.allocator.useCacheForAllThreads: false
12:26:21.124  DEBUG i.n.buffer.PooledByteBufAllocator - -Dio.netty.allocator.maxCachedByteBuffersPerChunk: 1023
12:26:21.135  DEBUG io.netty.buffer.ByteBufUtil - -Dio.netty.allocator.type: pooled
12:26:21.135  DEBUG io.netty.buffer.ByteBufUtil - -Dio.netty.threadLocalDirectBufferSize: 0
12:26:21.135  DEBUG io.netty.buffer.ByteBufUtil - -Dio.netty.maxThreadLocalCharBufferSize: 16384
12:26:21.522  DEBUG io.netty.channel.DefaultChannelId - -Dio.netty.processId: 22907 (auto-detected)
12:26:21.525  DEBUG io.netty.util.NetUtil - -Djava.net.preferIPv4Stack: false
12:26:21.525  DEBUG io.netty.util.NetUtil - -Djava.net.preferIPv6Addresses: false
12:26:21.531  DEBUG io.netty.util.NetUtilInitializations - Loopback interface: lo0 (lo0, 0:0:0:0:0:0:0:1%lo0)
12:26:21.532  DEBUG io.netty.util.NetUtil - Failed to get SOMAXCONN from sysctl and file /proc/sys/net/core/somaxconn. Default: 128
12:26:21.535  DEBUG io.netty.channel.DefaultChannelId - -Dio.netty.machineId: a4:83:e7:ff:fe:14:63:88 (auto-detected)
12:26:21.582  DEBUG io.netty.buffer.AbstractByteBuf - -Dio.netty.buffer.checkAccessible: true
12:26:21.582  DEBUG io.netty.buffer.AbstractByteBuf - -Dio.netty.buffer.checkBounds: true
12:26:21.582  DEBUG i.n.util.ResourceLeakDetectorFactory - Loaded default ResourceLeakDetector: io.netty.util.ResourceLeakDetector@69ec2c30
12:26:21.593  DEBUG o.a.n.channel.NettyConnectListener - Using new Channel '[id: 0xcd214174, L:/127.0.0.1:53156 - R:localhost/127.0.0.1:57669]' for 'POST' to '/session'
12:26:21.610  DEBUG io.netty.util.Recycler - -Dio.netty.recycler.maxCapacityPerThread: 4096
12:26:21.610  DEBUG io.netty.util.Recycler - -Dio.netty.recycler.ratio: 8
12:26:21.610  DEBUG io.netty.util.Recycler - -Dio.netty.recycler.chunkSize: 32
12:26:21.611  DEBUG io.netty.util.Recycler - -Dio.netty.recycler.blocking: false
12:26:22.844  DEBUG i.n.handler.codec.compression.Brotli - brotli4j not in the classpath; Brotli support will be unavailable.
12:26:22.859  DEBUG o.a.netty.handler.HttpHandler - 

Request DefaultHttpRequest(decodeResult: success, version: HTTP/1.1)
POST /session HTTP/1.1
User-Agent: selenium/4.2.1 (java mac)
Content-Length: 365
Content-Type: application/json; charset=utf-8
host: localhost:57669
accept: */*

Response DefaultHttpResponse(decodeResult: success, version: HTTP/1.1)
HTTP/1.1 200 OK
Content-Type: application/json; charset=utf-8
cache-control: no-cache
content-length: 800

12:26:22.907  DEBUG o.a.netty.channel.ChannelManager - Adding key: http://localhost:57669 for channel [id: 0xcd214174, L:/127.0.0.1:53156 - R:localhost/127.0.0.1:57669]
12:26:23.030  DEBUG o.a.n.channel.NettyConnectListener - Using new Channel '[id: 0xd09a15e3, L:/127.0.0.1:53165 - R:localhost/127.0.0.1:53157]' for 'GET' to '/json/version'
12:26:23.038  DEBUG o.a.netty.handler.HttpHandler - 

Request DefaultFullHttpRequest(decodeResult: success, version: HTTP/1.1, content: EmptyByteBufBE)
GET /json/version HTTP/1.1
User-Agent: selenium/4.2.1 (java mac)
host: localhost:53157
accept: */*

Response DefaultHttpResponse(decodeResult: success, version: HTTP/1.1)
HTTP/1.1 200 OK
Content-Type: application/json; charset=UTF-8
content-length: 426

12:26:23.055  DEBUG o.a.netty.channel.ChannelManager - Adding key: http://localhost:53157 for channel [id: 0xd09a15e3, L:/127.0.0.1:53165 - R:localhost/127.0.0.1:53157]
12:26:23.063  DEBUG i.n.util.internal.ThreadLocalRandom - -Dio.netty.initialSeedUniquifier: 0x9828f73e48457eeb
12:26:23.079  DEBUG o.a.n.channel.NettyConnectListener - Using new Channel '[id: 0x926333c0, L:/127.0.0.1:53166 - R:localhost/127.0.0.1:53157]' for 'GET' to '/devtools/browser/c68eb764-eb9c-489d-adbc-688ddde1c32b'
12:26:23.102  DEBUG o.a.netty.handler.WebSocketHandler - 

Request DefaultFullHttpRequest(decodeResult: success, version: HTTP/1.1, content: EmptyByteBufBE)
GET /devtools/browser/c68eb764-eb9c-489d-adbc-688ddde1c32b HTTP/1.1
upgrade: websocket
connection: upgrade
sec-websocket-key: kcAhKC8Pj0IjVhLwqjZKkA==
sec-websocket-version: 13
origin: http://localhost:53157
host: localhost:53157
accept: */*
user-agent: AHC/2.1

Response DefaultHttpResponse(decodeResult: success, version: HTTP/1.1)
HTTP/1.1 101 WebSocket Protocol Handshake
Upgrade: WebSocket
Connection: Upgrade
Sec-WebSocket-Accept: 6X+eHeWNmDIr5Wz/HmGf5OXU55k=

12:26:23.153  INFO  tests.TestBase - Start logger
12:26:23.184  DEBUG o.a.netty.request.NettyRequestSender - Using pooled Channel '[id: 0xcd214174, L:/127.0.0.1:53156 - R:localhost/127.0.0.1:57669]' for 'POST' to 'http://localhost:57669/session/b0c3463b0c4f98a5a000e8296ce3f7e2/url'
12:26:23.184  DEBUG o.a.netty.request.NettyRequestSender - Using open Channel [id: 0xcd214174, L:/127.0.0.1:53156 - R:localhost/127.0.0.1:57669] for POST '/session/b0c3463b0c4f98a5a000e8296ce3f7e2/url'
12:26:23.190  DEBUG o.a.netty.handler.HttpHandler - 

Request DefaultHttpRequest(decodeResult: success, version: HTTP/1.1)
POST /session/b0c3463b0c4f98a5a000e8296ce3f7e2/url HTTP/1.1
User-Agent: selenium/4.2.1 (java mac)
Content-Length: 15
Content-Type: application/json; charset=utf-8
host: localhost:57669
accept: */*

Response DefaultHttpResponse(decodeResult: success, version: HTTP/1.1)
HTTP/1.1 400 Bad Request
Content-Type: application/json; charset=utf-8
cache-control: no-cache
content-length: 2015

12:26:23.191  DEBUG o.a.netty.channel.ChannelManager - Adding key: http://localhost:57669 for channel [id: 0xcd214174, L:/127.0.0.1:53156 - R:localhost/127.0.0.1:57669]
12:26:23.230  DEBUG o.a.netty.channel.DefaultChannelPool - Entry count for : http://localhost:57669 : 1
12:26:23.231  DEBUG o.a.netty.channel.DefaultChannelPool - Entry count for : http://localhost:53157 : 1
