16:36:42.208  DEBUG org.testng.internal.Graph - [Graph] ADDING NODE TestBase.init(java.lang.reflect.Method)[pri:0, instance:null] 2136073951
16:36:42.212  DEBUG org.testng.internal.Graph - [Graph] ================ SORTING
16:36:42.214  DEBUG org.testng.internal.Graph - [Graph] =============== DONE SORTING
16:36:42.214  DEBUG org.testng.internal.Graph - [Graph] ====== SORTED NODES
16:36:42.214  DEBUG org.testng.internal.Graph - [Graph] ====== END SORTED NODES
16:36:42.216  DEBUG org.testng.internal.Graph - [Graph] ADDING NODE TestClass.tearDown()[pri:0, instance:null] -267905380
16:36:42.216  DEBUG org.testng.internal.Graph - [Graph] ================ SORTING
16:36:42.216  DEBUG org.testng.internal.Graph - [Graph] =============== DONE SORTING
16:36:42.216  DEBUG org.testng.internal.Graph - [Graph] ====== SORTED NODES
16:36:42.216  DEBUG org.testng.internal.Graph - [Graph] ====== END SORTED NODES
16:36:42.222  DEBUG org.testng.internal.Graph - [Graph] ADDING NODE TestBase.init(java.lang.reflect.Method)[pri:0, instance:tests.TestClass@6f6745d6] -632145193
16:36:42.222  DEBUG org.testng.internal.Graph - [Graph] ================ SORTING
16:36:42.222  DEBUG org.testng.internal.Graph - [Graph] =============== DONE SORTING
16:36:42.223  DEBUG org.testng.internal.Graph - [Graph] ====== SORTED NODES
16:36:42.223  DEBUG org.testng.internal.Graph - [Graph] ====== END SORTED NODES
16:36:42.223  DEBUG org.testng.internal.Graph - [Graph] ADDING NODE TestClass.f1()[pri:0, instance:tests.TestClass@6f6745d6] -1694719227
16:36:42.223  DEBUG org.testng.internal.Graph - [Graph] ================ SORTING
16:36:42.224  DEBUG org.testng.internal.Graph - [Graph] =============== DONE SORTING
16:36:42.224  DEBUG org.testng.internal.Graph - [Graph] ====== SORTED NODES
16:36:42.224  DEBUG org.testng.internal.Graph - [Graph] ====== END SORTED NODES
16:36:42.225  DEBUG org.testng.internal.Graph - [Graph] ADDING NODE TestClass.tearDown()[pri:0, instance:tests.TestClass@6f6745d6] -2141060422
16:36:42.225  DEBUG org.testng.internal.Graph - [Graph] ================ SORTING
16:36:42.225  DEBUG org.testng.internal.Graph - [Graph] =============== DONE SORTING
16:36:42.225  DEBUG org.testng.internal.Graph - [Graph] ====== SORTED NODES
16:36:42.225  DEBUG org.testng.internal.Graph - [Graph] ====== END SORTED NODES
16:37:05.531  DEBUG org.testng.internal.Graph - [Graph] ADDING NODE TestBase.init()[pri:0, instance:null] 2136073951
16:37:05.535  DEBUG org.testng.internal.Graph - [Graph] ================ SORTING
16:37:05.537  DEBUG org.testng.internal.Graph - [Graph] =============== DONE SORTING
16:37:05.538  DEBUG org.testng.internal.Graph - [Graph] ====== SORTED NODES
16:37:05.538  DEBUG org.testng.internal.Graph - [Graph] ====== END SORTED NODES
16:37:05.540  DEBUG org.testng.internal.Graph - [Graph] ADDING NODE TestClass.tearDown()[pri:0, instance:null] -267905380
16:37:05.540  DEBUG org.testng.internal.Graph - [Graph] ================ SORTING
16:37:05.540  DEBUG org.testng.internal.Graph - [Graph] =============== DONE SORTING
16:37:05.540  DEBUG org.testng.internal.Graph - [Graph] ====== SORTED NODES
16:37:05.541  DEBUG org.testng.internal.Graph - [Graph] ====== END SORTED NODES
16:37:05.548  DEBUG org.testng.internal.Graph - [Graph] ADDING NODE TestBase.init()[pri:0, instance:tests.TestClass@6f6745d6] -632145193
16:37:05.549  DEBUG org.testng.internal.Graph - [Graph] ================ SORTING
16:37:05.550  DEBUG org.testng.internal.Graph - [Graph] =============== DONE SORTING
16:37:05.550  DEBUG org.testng.internal.Graph - [Graph] ====== SORTED NODES
16:37:05.550  DEBUG org.testng.internal.Graph - [Graph] ====== END SORTED NODES
16:37:05.551  DEBUG org.testng.internal.Graph - [Graph] ADDING NODE TestClass.f1()[pri:0, instance:tests.TestClass@6f6745d6] -1694719227
16:37:05.551  DEBUG org.testng.internal.Graph - [Graph] ================ SORTING
16:37:05.552  DEBUG org.testng.internal.Graph - [Graph] =============== DONE SORTING
16:37:05.552  DEBUG org.testng.internal.Graph - [Graph] ====== SORTED NODES
16:37:05.552  DEBUG org.testng.internal.Graph - [Graph] ====== END SORTED NODES
16:37:05.553  DEBUG org.testng.internal.Graph - [Graph] ADDING NODE TestClass.tearDown()[pri:0, instance:tests.TestClass@6f6745d6] -2141060422
16:37:05.553  DEBUG org.testng.internal.Graph - [Graph] ================ SORTING
16:37:05.554  DEBUG org.testng.internal.Graph - [Graph] =============== DONE SORTING
16:37:05.554  DEBUG org.testng.internal.Graph - [Graph] ====== SORTED NODES
16:37:05.554  DEBUG org.testng.internal.Graph - [Graph] ====== END SORTED NODES
16:37:05.700  DEBUG i.n.u.i.l.InternalLoggerFactory - Using SLF4J as the default logging framework
16:37:05.705  DEBUG io.netty.util.ResourceLeakDetector - -Dio.netty.leakDetection.level: simple
16:37:05.705  DEBUG io.netty.util.ResourceLeakDetector - -Dio.netty.leakDetection.targetRecords: 4
16:37:05.710  DEBUG i.n.util.ResourceLeakDetectorFactory - Loaded default ResourceLeakDetector: io.netty.util.ResourceLeakDetector@2072acb2
16:37:05.730  DEBUG i.n.util.internal.PlatformDependent0 - -Dio.netty.noUnsafe: false
16:37:05.730  DEBUG i.n.util.internal.PlatformDependent0 - Java version: 14
16:37:05.732  DEBUG i.n.util.internal.PlatformDependent0 - sun.misc.Unsafe.theUnsafe: available
16:37:05.733  DEBUG i.n.util.internal.PlatformDependent0 - sun.misc.Unsafe.copyMemory: available
16:37:05.734  DEBUG i.n.util.internal.PlatformDependent0 - sun.misc.Unsafe.storeFence: available
16:37:05.734  DEBUG i.n.util.internal.PlatformDependent0 - java.nio.Buffer.address: available
16:37:05.735  DEBUG i.n.util.internal.PlatformDependent0 - direct buffer constructor: unavailable: Reflective setAccessible(true) disabled
16:37:05.736  DEBUG i.n.util.internal.PlatformDependent0 - java.nio.Bits.unaligned: available, true
16:37:05.737  DEBUG i.n.util.internal.PlatformDependent0 - jdk.internal.misc.Unsafe.allocateUninitializedArray(int): unavailable: class io.netty.util.internal.PlatformDependent0$7 cannot access class jdk.internal.misc.Unsafe (in module java.base) because module java.base does not export jdk.internal.misc to unnamed module @655ef322
16:37:05.738  DEBUG i.n.util.internal.PlatformDependent0 - java.nio.DirectByteBuffer.<init>(long, int): unavailable
16:37:05.738  DEBUG i.n.util.internal.PlatformDependent - sun.misc.Unsafe: available
16:37:05.749  DEBUG i.n.util.internal.PlatformDependent - maxDirectMemory: 536870912 bytes (maybe)
16:37:05.749  DEBUG i.n.util.internal.PlatformDependent - -Dio.netty.tmpdir: /var/folders/ng/7tbfyrwj0bb44lr5tqlxqgnh0000gp/T (java.io.tmpdir)
16:37:05.749  DEBUG i.n.util.internal.PlatformDependent - -Dio.netty.bitMode: 64 (sun.arch.data.model)
16:37:05.750  DEBUG i.n.util.internal.PlatformDependent - Platform: MacOS
16:37:05.751  DEBUG i.n.util.internal.PlatformDependent - -Dio.netty.maxDirectMemory: -1 bytes
16:37:05.751  DEBUG i.n.util.internal.PlatformDependent - -Dio.netty.uninitializedArrayAllocationThreshold: -1
16:37:05.752  DEBUG io.netty.util.internal.CleanerJava9 - java.nio.ByteBuffer.cleaner(): available
16:37:05.752  DEBUG i.n.util.internal.PlatformDependent - -Dio.netty.noPreferDirect: false
16:37:05.759  DEBUG i.n.util.internal.PlatformDependent - org.jctools-core.MpscChunkedArrayQueue: available
16:37:05.784  DEBUG i.n.u.i.InternalThreadLocalMap - -Dio.netty.threadLocalMap.stringBuilder.initialSize: 1024
16:37:05.785  DEBUG i.n.u.i.InternalThreadLocalMap - -Dio.netty.threadLocalMap.stringBuilder.maxSize: 4096
16:37:05.921  DEBUG io.netty.handler.ssl.JdkSslContext - Default protocols (JDK): [TLSv1.3, TLSv1.2, TLSv1.1, TLSv1] 
16:37:05.922  DEBUG io.netty.handler.ssl.JdkSslContext - Default cipher suites (JDK): [TLS_ECDHE_ECDSA_WITH_AES_256_GCM_SHA384, TLS_ECDHE_ECDSA_WITH_AES_128_GCM_SHA256, TLS_ECDHE_RSA_WITH_AES_128_GCM_SHA256, TLS_ECDHE_RSA_WITH_AES_256_GCM_SHA384, TLS_ECDHE_RSA_WITH_AES_128_CBC_SHA, TLS_ECDHE_RSA_WITH_AES_256_CBC_SHA, TLS_RSA_WITH_AES_128_GCM_SHA256, TLS_RSA_WITH_AES_128_CBC_SHA, TLS_RSA_WITH_AES_256_CBC_SHA, TLS_AES_128_GCM_SHA256, TLS_AES_256_GCM_SHA384]
16:37:05.952  DEBUG i.n.c.MultithreadEventLoopGroup - -Dio.netty.eventLoopThreads: 24
16:37:05.960  DEBUG io.netty.channel.nio.NioEventLoop - -Dio.netty.noKeySetOptimization: false
16:37:05.960  DEBUG io.netty.channel.nio.NioEventLoop - -Dio.netty.selectorAutoRebuildThreshold: 512
16:37:05.994  DEBUG i.n.buffer.PooledByteBufAllocator - -Dio.netty.allocator.numHeapArenas: 21
16:37:05.994  DEBUG i.n.buffer.PooledByteBufAllocator - -Dio.netty.allocator.numDirectArenas: 21
16:37:05.994  DEBUG i.n.buffer.PooledByteBufAllocator - -Dio.netty.allocator.pageSize: 8192
16:37:05.994  DEBUG i.n.buffer.PooledByteBufAllocator - -Dio.netty.allocator.maxOrder: 9
16:37:05.994  DEBUG i.n.buffer.PooledByteBufAllocator - -Dio.netty.allocator.chunkSize: 4194304
16:37:05.994  DEBUG i.n.buffer.PooledByteBufAllocator - -Dio.netty.allocator.smallCacheSize: 256
16:37:05.994  DEBUG i.n.buffer.PooledByteBufAllocator - -Dio.netty.allocator.normalCacheSize: 64
16:37:05.995  DEBUG i.n.buffer.PooledByteBufAllocator - -Dio.netty.allocator.maxCachedBufferCapacity: 32768
16:37:05.995  DEBUG i.n.buffer.PooledByteBufAllocator - -Dio.netty.allocator.cacheTrimInterval: 8192
16:37:05.995  DEBUG i.n.buffer.PooledByteBufAllocator - -Dio.netty.allocator.cacheTrimIntervalMillis: 0
16:37:05.995  DEBUG i.n.buffer.PooledByteBufAllocator - -Dio.netty.allocator.useCacheForAllThreads: false
16:37:05.995  DEBUG i.n.buffer.PooledByteBufAllocator - -Dio.netty.allocator.maxCachedByteBuffersPerChunk: 1023
16:37:06.005  DEBUG io.netty.buffer.ByteBufUtil - -Dio.netty.allocator.type: pooled
16:37:06.006  DEBUG io.netty.buffer.ByteBufUtil - -Dio.netty.threadLocalDirectBufferSize: 0
16:37:06.006  DEBUG io.netty.buffer.ByteBufUtil - -Dio.netty.maxThreadLocalCharBufferSize: 16384
16:37:06.415  DEBUG io.netty.channel.DefaultChannelId - -Dio.netty.processId: 34643 (auto-detected)
16:37:06.418  DEBUG io.netty.util.NetUtil - -Djava.net.preferIPv4Stack: false
16:37:06.418  DEBUG io.netty.util.NetUtil - -Djava.net.preferIPv6Addresses: false
16:37:06.424  DEBUG io.netty.util.NetUtilInitializations - Loopback interface: lo0 (lo0, 0:0:0:0:0:0:0:1%lo0)
16:37:06.425  DEBUG io.netty.util.NetUtil - Failed to get SOMAXCONN from sysctl and file /proc/sys/net/core/somaxconn. Default: 128
16:37:06.428  DEBUG io.netty.channel.DefaultChannelId - -Dio.netty.machineId: ac:de:48:ff:fe:00:11:22 (auto-detected)
16:37:06.482  DEBUG io.netty.buffer.AbstractByteBuf - -Dio.netty.buffer.checkAccessible: true
16:37:06.484  DEBUG io.netty.buffer.AbstractByteBuf - -Dio.netty.buffer.checkBounds: true
16:37:06.485  DEBUG i.n.util.ResourceLeakDetectorFactory - Loaded default ResourceLeakDetector: io.netty.util.ResourceLeakDetector@69ec2c30
16:37:06.501  DEBUG o.a.n.channel.NettyConnectListener - Using new Channel '[id: 0xa0f4a223, L:/127.0.0.1:62411 - R:localhost/127.0.0.1:58240]' for 'POST' to '/session'
16:37:06.520  DEBUG io.netty.util.Recycler - -Dio.netty.recycler.maxCapacityPerThread: 4096
16:37:06.520  DEBUG io.netty.util.Recycler - -Dio.netty.recycler.ratio: 8
16:37:06.520  DEBUG io.netty.util.Recycler - -Dio.netty.recycler.chunkSize: 32
16:37:06.520  DEBUG io.netty.util.Recycler - -Dio.netty.recycler.blocking: false
16:37:07.768  DEBUG i.n.handler.codec.compression.Brotli - brotli4j not in the classpath; Brotli support will be unavailable.
16:37:07.777  DEBUG o.a.netty.handler.HttpHandler - 

Request DefaultHttpRequest(decodeResult: success, version: HTTP/1.1)
POST /session HTTP/1.1
User-Agent: selenium/4.2.1 (java mac)
Content-Length: 365
Content-Type: application/json; charset=utf-8
host: localhost:58240
accept: */*

Response DefaultHttpResponse(decodeResult: success, version: HTTP/1.1)
HTTP/1.1 200 OK
Content-Type: application/json; charset=utf-8
cache-control: no-cache
content-length: 800

16:37:07.816  DEBUG o.a.netty.channel.ChannelManager - Adding key: http://localhost:58240 for channel [id: 0xa0f4a223, L:/127.0.0.1:62411 - R:localhost/127.0.0.1:58240]
16:37:07.923  DEBUG o.a.n.channel.NettyConnectListener - Using new Channel '[id: 0xa5870847, L:/127.0.0.1:62424 - R:localhost/127.0.0.1:62416]' for 'GET' to '/json/version'
16:37:07.945  DEBUG o.a.netty.handler.HttpHandler - 

Request DefaultFullHttpRequest(decodeResult: success, version: HTTP/1.1, content: EmptyByteBufBE)
GET /json/version HTTP/1.1
User-Agent: selenium/4.2.1 (java mac)
host: localhost:62416
accept: */*

Response DefaultHttpResponse(decodeResult: success, version: HTTP/1.1)
HTTP/1.1 200 OK
Content-Type: application/json; charset=UTF-8
content-length: 426

16:37:07.962  DEBUG o.a.netty.channel.ChannelManager - Adding key: http://localhost:62416 for channel [id: 0xa5870847, L:/127.0.0.1:62424 - R:localhost/127.0.0.1:62416]
16:37:07.971  DEBUG i.n.util.internal.ThreadLocalRandom - -Dio.netty.initialSeedUniquifier: 0x6d8d2d48c7980e1b
16:37:07.986  DEBUG o.a.n.channel.NettyConnectListener - Using new Channel '[id: 0x1265f393, L:/127.0.0.1:62426 - R:localhost/127.0.0.1:62416]' for 'GET' to '/devtools/browser/ed6435ef-e647-4dbc-998b-53cb42ac24ba'
16:37:08.007  DEBUG o.a.netty.handler.WebSocketHandler - 

Request DefaultFullHttpRequest(decodeResult: success, version: HTTP/1.1, content: EmptyByteBufBE)
GET /devtools/browser/ed6435ef-e647-4dbc-998b-53cb42ac24ba HTTP/1.1
upgrade: websocket
connection: upgrade
sec-websocket-key: qkl3cb3kjbJ077qdQ3qQVg==
sec-websocket-version: 13
origin: http://localhost:62416
host: localhost:62416
accept: */*
user-agent: AHC/2.1

Response DefaultHttpResponse(decodeResult: success, version: HTTP/1.1)
HTTP/1.1 101 WebSocket Protocol Handshake
Upgrade: WebSocket
Connection: Upgrade
Sec-WebSocket-Accept: WGw0r0kwj1RgJFTiO02m5Ppy7+I=

16:37:08.065  DEBUG o.a.netty.request.NettyRequestSender - Using pooled Channel '[id: 0xa0f4a223, L:/127.0.0.1:62411 - R:localhost/127.0.0.1:58240]' for 'POST' to 'http://localhost:58240/session/69fcd69f3cce07a8333407e02d6da1e2/window/maximize'
16:37:08.065  DEBUG o.a.netty.request.NettyRequestSender - Using open Channel [id: 0xa0f4a223, L:/127.0.0.1:62411 - R:localhost/127.0.0.1:58240] for POST '/session/69fcd69f3cce07a8333407e02d6da1e2/window/maximize'
16:37:08.065  DEBUG o.a.netty.channel.DefaultChannelPool - Entry count for : http://localhost:62416 : 1
16:37:08.192  DEBUG o.a.netty.handler.HttpHandler - 

Request DefaultHttpRequest(decodeResult: success, version: HTTP/1.1)
POST /session/69fcd69f3cce07a8333407e02d6da1e2/window/maximize HTTP/1.1
User-Agent: selenium/4.2.1 (java mac)
Content-Length: 3
Content-Type: application/json; charset=utf-8
host: localhost:58240
accept: */*

Response DefaultHttpResponse(decodeResult: success, version: HTTP/1.1)
HTTP/1.1 200 OK
Content-Type: application/json; charset=utf-8
cache-control: no-cache
content-length: 50

16:37:08.192  DEBUG o.a.netty.channel.ChannelManager - Adding key: http://localhost:58240 for channel [id: 0xa0f4a223, L:/127.0.0.1:62411 - R:localhost/127.0.0.1:58240]
16:37:08.230  DEBUG o.a.netty.request.NettyRequestSender - Using pooled Channel '[id: 0xa0f4a223, L:/127.0.0.1:62411 - R:localhost/127.0.0.1:58240]' for 'POST' to 'http://localhost:58240/session/69fcd69f3cce07a8333407e02d6da1e2/url'
16:37:08.230  DEBUG o.a.netty.request.NettyRequestSender - Using open Channel [id: 0xa0f4a223, L:/127.0.0.1:62411 - R:localhost/127.0.0.1:58240] for POST '/session/69fcd69f3cce07a8333407e02d6da1e2/url'
16:37:09.166  DEBUG o.a.netty.channel.DefaultChannelPool - Entry count for : http://localhost:62416 : 1
16:37:10.060  DEBUG o.a.netty.handler.HttpHandler - 

Request DefaultHttpRequest(decodeResult: success, version: HTTP/1.1)
POST /session/69fcd69f3cce07a8333407e02d6da1e2/url HTTP/1.1
User-Agent: selenium/4.2.1 (java mac)
Content-Length: 53
Content-Type: application/json; charset=utf-8
host: localhost:58240
accept: */*

Response DefaultHttpResponse(decodeResult: success, version: HTTP/1.1)
HTTP/1.1 200 OK
Content-Type: application/json; charset=utf-8
cache-control: no-cache
content-length: 14

16:37:10.061  DEBUG o.a.netty.channel.ChannelManager - Adding key: http://localhost:58240 for channel [id: 0xa0f4a223, L:/127.0.0.1:62411 - R:localhost/127.0.0.1:58240]
16:37:10.071  DEBUG o.a.netty.request.NettyRequestSender - Using pooled Channel '[id: 0xa0f4a223, L:/127.0.0.1:62411 - R:localhost/127.0.0.1:58240]' for 'DELETE' to 'http://localhost:58240/session/69fcd69f3cce07a8333407e02d6da1e2'
16:37:10.072  DEBUG o.a.netty.request.NettyRequestSender - Using open Channel [id: 0xa0f4a223, L:/127.0.0.1:62411 - R:localhost/127.0.0.1:58240] for DELETE '/session/69fcd69f3cce07a8333407e02d6da1e2'
16:37:10.073  DEBUG o.a.netty.handler.WebSocketHandler - Channel Closed: [id: 0x1265f393, L:/127.0.0.1:62426 ! R:localhost/127.0.0.1:62416] with attribute NettyResponseFuture{currentRetry=0,
	isDone=1,
	isCancelled=0,
	asyncHandler=org.asynchttpclient.ws.WebSocketUpgradeHandler@337ca06b,
	nettyRequest=org.asynchttpclient.netty.request.NettyRequest@3cff6cfe,
	future=java.util.concurrent.CompletableFuture@22113ca2[Completed normally],
	uri=ws://localhost:62416/devtools/browser/ed6435ef-e647-4dbc-998b-53cb42ac24ba,
	keepAlive=true,
	redirectCount=0,
	timeoutsHolder=null,
	inAuth=0,
	touch=1655991428036}
16:37:10.077  DEBUG o.a.netty.channel.ChannelManager - Closing Channel [id: 0x1265f393, L:/127.0.0.1:62426 ! R:localhost/127.0.0.1:62416] 
16:37:10.094  DEBUG o.a.netty.handler.HttpHandler - Channel Closed: [id: 0xa5870847, L:/127.0.0.1:62424 ! R:localhost/127.0.0.1:62416] with attribute DISCARD
16:37:10.124  DEBUG o.a.netty.handler.HttpHandler - 

Request DefaultFullHttpRequest(decodeResult: success, version: HTTP/1.1, content: EmptyByteBufBE)
DELETE /session/69fcd69f3cce07a8333407e02d6da1e2 HTTP/1.1
User-Agent: selenium/4.2.1 (java mac)
Content-Type: application/json; charset=utf-8
host: localhost:58240
accept: */*

Response DefaultHttpResponse(decodeResult: success, version: HTTP/1.1)
HTTP/1.1 200 OK
Content-Type: application/json; charset=utf-8
cache-control: no-cache
content-length: 14

16:37:10.125  DEBUG o.a.netty.channel.ChannelManager - Adding key: http://localhost:58240 for channel [id: 0xa0f4a223, L:/127.0.0.1:62411 - R:localhost/127.0.0.1:58240]
16:37:10.147  DEBUG o.a.netty.handler.HttpHandler - Channel Closed: [id: 0xa0f4a223, L:/127.0.0.1:62411 ! R:localhost/127.0.0.1:58240] with attribute DISCARD
16:37:37.679  DEBUG org.testng.internal.Graph - [Graph] ADDING NODE TestBase.init()[pri:0, instance:null] 2136073951
16:37:37.683  DEBUG org.testng.internal.Graph - [Graph] ================ SORTING
16:37:37.686  DEBUG org.testng.internal.Graph - [Graph] =============== DONE SORTING
16:37:37.686  DEBUG org.testng.internal.Graph - [Graph] ====== SORTED NODES
16:37:37.687  DEBUG org.testng.internal.Graph - [Graph] ====== END SORTED NODES
16:37:37.689  DEBUG org.testng.internal.Graph - [Graph] ADDING NODE TestClass.tearDown()[pri:0, instance:null] -267905380
16:37:37.690  DEBUG org.testng.internal.Graph - [Graph] ================ SORTING
16:37:37.692  DEBUG org.testng.internal.Graph - [Graph] =============== DONE SORTING
16:37:37.692  DEBUG org.testng.internal.Graph - [Graph] ====== SORTED NODES
16:37:37.693  DEBUG org.testng.internal.Graph - [Graph] ====== END SORTED NODES
16:37:37.700  DEBUG org.testng.internal.Graph - [Graph] ADDING NODE TestBase.init()[pri:0, instance:tests.TestClass@6f6745d6] -632145193
16:37:37.700  DEBUG org.testng.internal.Graph - [Graph] ================ SORTING
16:37:37.701  DEBUG org.testng.internal.Graph - [Graph] =============== DONE SORTING
16:37:37.701  DEBUG org.testng.internal.Graph - [Graph] ====== SORTED NODES
16:37:37.701  DEBUG org.testng.internal.Graph - [Graph] ====== END SORTED NODES
16:37:37.702  DEBUG org.testng.internal.Graph - [Graph] ADDING NODE TestClass.f1()[pri:0, instance:tests.TestClass@6f6745d6] -1694719227
16:37:37.702  DEBUG org.testng.internal.Graph - [Graph] ================ SORTING
16:37:37.702  DEBUG org.testng.internal.Graph - [Graph] =============== DONE SORTING
16:37:37.702  DEBUG org.testng.internal.Graph - [Graph] ====== SORTED NODES
16:37:37.703  DEBUG org.testng.internal.Graph - [Graph] ====== END SORTED NODES
16:37:37.704  DEBUG org.testng.internal.Graph - [Graph] ADDING NODE TestClass.tearDown()[pri:0, instance:tests.TestClass@6f6745d6] -2141060422
16:37:37.704  DEBUG org.testng.internal.Graph - [Graph] ================ SORTING
16:37:37.704  DEBUG org.testng.internal.Graph - [Graph] =============== DONE SORTING
16:37:37.704  DEBUG org.testng.internal.Graph - [Graph] ====== SORTED NODES
16:37:37.705  DEBUG org.testng.internal.Graph - [Graph] ====== END SORTED NODES
16:37:37.960  DEBUG i.n.u.i.l.InternalLoggerFactory - Using SLF4J as the default logging framework
16:37:37.972  DEBUG io.netty.util.ResourceLeakDetector - -Dio.netty.leakDetection.level: simple
16:37:37.973  DEBUG io.netty.util.ResourceLeakDetector - -Dio.netty.leakDetection.targetRecords: 4
16:37:37.986  DEBUG i.n.util.ResourceLeakDetectorFactory - Loaded default ResourceLeakDetector: io.netty.util.ResourceLeakDetector@2072acb2
16:37:38.043  DEBUG i.n.util.internal.PlatformDependent0 - -Dio.netty.noUnsafe: false
16:37:38.044  DEBUG i.n.util.internal.PlatformDependent0 - Java version: 14
16:37:38.049  DEBUG i.n.util.internal.PlatformDependent0 - sun.misc.Unsafe.theUnsafe: available
16:37:38.052  DEBUG i.n.util.internal.PlatformDependent0 - sun.misc.Unsafe.copyMemory: available
16:37:38.054  DEBUG i.n.util.internal.PlatformDependent0 - sun.misc.Unsafe.storeFence: available
16:37:38.055  DEBUG i.n.util.internal.PlatformDependent0 - java.nio.Buffer.address: available
16:37:38.056  DEBUG i.n.util.internal.PlatformDependent0 - direct buffer constructor: unavailable: Reflective setAccessible(true) disabled
16:37:38.057  DEBUG i.n.util.internal.PlatformDependent0 - java.nio.Bits.unaligned: available, true
16:37:38.061  DEBUG i.n.util.internal.PlatformDependent0 - jdk.internal.misc.Unsafe.allocateUninitializedArray(int): unavailable: class io.netty.util.internal.PlatformDependent0$7 cannot access class jdk.internal.misc.Unsafe (in module java.base) because module java.base does not export jdk.internal.misc to unnamed module @655ef322
16:37:38.066  DEBUG i.n.util.internal.PlatformDependent0 - java.nio.DirectByteBuffer.<init>(long, int): unavailable
16:37:38.066  DEBUG i.n.util.internal.PlatformDependent - sun.misc.Unsafe: available
16:37:38.100  DEBUG i.n.util.internal.PlatformDependent - maxDirectMemory: 536870912 bytes (maybe)
16:37:38.102  DEBUG i.n.util.internal.PlatformDependent - -Dio.netty.tmpdir: /var/folders/ng/7tbfyrwj0bb44lr5tqlxqgnh0000gp/T (java.io.tmpdir)
16:37:38.102  DEBUG i.n.util.internal.PlatformDependent - -Dio.netty.bitMode: 64 (sun.arch.data.model)
16:37:38.104  DEBUG i.n.util.internal.PlatformDependent - Platform: MacOS
16:37:38.108  DEBUG i.n.util.internal.PlatformDependent - -Dio.netty.maxDirectMemory: -1 bytes
16:37:38.109  DEBUG i.n.util.internal.PlatformDependent - -Dio.netty.uninitializedArrayAllocationThreshold: -1
16:37:38.113  DEBUG io.netty.util.internal.CleanerJava9 - java.nio.ByteBuffer.cleaner(): available
16:37:38.114  DEBUG i.n.util.internal.PlatformDependent - -Dio.netty.noPreferDirect: false
16:37:38.134  DEBUG i.n.util.internal.PlatformDependent - org.jctools-core.MpscChunkedArrayQueue: available
16:37:38.154  DEBUG i.n.u.i.InternalThreadLocalMap - -Dio.netty.threadLocalMap.stringBuilder.initialSize: 1024
16:37:38.154  DEBUG i.n.u.i.InternalThreadLocalMap - -Dio.netty.threadLocalMap.stringBuilder.maxSize: 4096
16:37:38.303  DEBUG io.netty.handler.ssl.JdkSslContext - Default protocols (JDK): [TLSv1.3, TLSv1.2, TLSv1.1, TLSv1] 
16:37:38.303  DEBUG io.netty.handler.ssl.JdkSslContext - Default cipher suites (JDK): [TLS_ECDHE_ECDSA_WITH_AES_256_GCM_SHA384, TLS_ECDHE_ECDSA_WITH_AES_128_GCM_SHA256, TLS_ECDHE_RSA_WITH_AES_128_GCM_SHA256, TLS_ECDHE_RSA_WITH_AES_256_GCM_SHA384, TLS_ECDHE_RSA_WITH_AES_128_CBC_SHA, TLS_ECDHE_RSA_WITH_AES_256_CBC_SHA, TLS_RSA_WITH_AES_128_GCM_SHA256, TLS_RSA_WITH_AES_128_CBC_SHA, TLS_RSA_WITH_AES_256_CBC_SHA, TLS_AES_128_GCM_SHA256, TLS_AES_256_GCM_SHA384]
16:37:38.318  DEBUG i.n.c.MultithreadEventLoopGroup - -Dio.netty.eventLoopThreads: 24
16:37:38.323  DEBUG io.netty.channel.nio.NioEventLoop - -Dio.netty.noKeySetOptimization: false
16:37:38.323  DEBUG io.netty.channel.nio.NioEventLoop - -Dio.netty.selectorAutoRebuildThreshold: 512
16:37:38.339  DEBUG i.n.buffer.PooledByteBufAllocator - -Dio.netty.allocator.numHeapArenas: 21
16:37:38.339  DEBUG i.n.buffer.PooledByteBufAllocator - -Dio.netty.allocator.numDirectArenas: 21
16:37:38.339  DEBUG i.n.buffer.PooledByteBufAllocator - -Dio.netty.allocator.pageSize: 8192
16:37:38.339  DEBUG i.n.buffer.PooledByteBufAllocator - -Dio.netty.allocator.maxOrder: 9
16:37:38.339  DEBUG i.n.buffer.PooledByteBufAllocator - -Dio.netty.allocator.chunkSize: 4194304
16:37:38.339  DEBUG i.n.buffer.PooledByteBufAllocator - -Dio.netty.allocator.smallCacheSize: 256
16:37:38.340  DEBUG i.n.buffer.PooledByteBufAllocator - -Dio.netty.allocator.normalCacheSize: 64
16:37:38.340  DEBUG i.n.buffer.PooledByteBufAllocator - -Dio.netty.allocator.maxCachedBufferCapacity: 32768
16:37:38.340  DEBUG i.n.buffer.PooledByteBufAllocator - -Dio.netty.allocator.cacheTrimInterval: 8192
16:37:38.340  DEBUG i.n.buffer.PooledByteBufAllocator - -Dio.netty.allocator.cacheTrimIntervalMillis: 0
16:37:38.340  DEBUG i.n.buffer.PooledByteBufAllocator - -Dio.netty.allocator.useCacheForAllThreads: false
16:37:38.340  DEBUG i.n.buffer.PooledByteBufAllocator - -Dio.netty.allocator.maxCachedByteBuffersPerChunk: 1023
16:37:38.350  DEBUG io.netty.buffer.ByteBufUtil - -Dio.netty.allocator.type: pooled
16:37:38.351  DEBUG io.netty.buffer.ByteBufUtil - -Dio.netty.threadLocalDirectBufferSize: 0
16:37:38.351  DEBUG io.netty.buffer.ByteBufUtil - -Dio.netty.maxThreadLocalCharBufferSize: 16384
16:37:38.559  DEBUG io.netty.channel.DefaultChannelId - -Dio.netty.processId: 34679 (auto-detected)
16:37:38.561  DEBUG io.netty.util.NetUtil - -Djava.net.preferIPv4Stack: false
16:37:38.561  DEBUG io.netty.util.NetUtil - -Djava.net.preferIPv6Addresses: false
16:37:38.566  DEBUG io.netty.util.NetUtilInitializations - Loopback interface: lo0 (lo0, 0:0:0:0:0:0:0:1%lo0)
16:37:38.567  DEBUG io.netty.util.NetUtil - Failed to get SOMAXCONN from sysctl and file /proc/sys/net/core/somaxconn. Default: 128
16:37:38.570  DEBUG io.netty.channel.DefaultChannelId - -Dio.netty.machineId: ac:de:48:ff:fe:00:11:22 (auto-detected)
16:37:38.614  DEBUG io.netty.buffer.AbstractByteBuf - -Dio.netty.buffer.checkAccessible: true
16:37:38.615  DEBUG io.netty.buffer.AbstractByteBuf - -Dio.netty.buffer.checkBounds: true
16:37:38.615  DEBUG i.n.util.ResourceLeakDetectorFactory - Loaded default ResourceLeakDetector: io.netty.util.ResourceLeakDetector@6c535bb1
16:37:38.625  DEBUG o.a.n.channel.NettyConnectListener - Using new Channel '[id: 0x530433d4, L:/127.0.0.1:62566 - R:localhost/127.0.0.1:61875]' for 'POST' to '/session'
16:37:38.640  DEBUG io.netty.util.Recycler - -Dio.netty.recycler.maxCapacityPerThread: 4096
16:37:38.641  DEBUG io.netty.util.Recycler - -Dio.netty.recycler.ratio: 8
16:37:38.641  DEBUG io.netty.util.Recycler - -Dio.netty.recycler.chunkSize: 32
16:37:38.641  DEBUG io.netty.util.Recycler - -Dio.netty.recycler.blocking: false
16:37:39.854  DEBUG i.n.handler.codec.compression.Brotli - brotli4j not in the classpath; Brotli support will be unavailable.
16:37:39.872  DEBUG o.a.netty.handler.HttpHandler - 

Request DefaultHttpRequest(decodeResult: success, version: HTTP/1.1)
POST /session HTTP/1.1
User-Agent: selenium/4.2.1 (java mac)
Content-Length: 365
Content-Type: application/json; charset=utf-8
host: localhost:61875
accept: */*

Response DefaultHttpResponse(decodeResult: success, version: HTTP/1.1)
HTTP/1.1 200 OK
Content-Type: application/json; charset=utf-8
cache-control: no-cache
content-length: 800

16:37:39.901  DEBUG o.a.netty.channel.ChannelManager - Adding key: http://localhost:61875 for channel [id: 0x530433d4, L:/127.0.0.1:62566 - R:localhost/127.0.0.1:61875]
16:37:40.003  DEBUG o.a.n.channel.NettyConnectListener - Using new Channel '[id: 0x2b66c8e3, L:/127.0.0.1:62579 - R:localhost/127.0.0.1:62571]' for 'GET' to '/json/version'
16:37:40.019  DEBUG o.a.netty.handler.HttpHandler - 

Request DefaultFullHttpRequest(decodeResult: success, version: HTTP/1.1, content: EmptyByteBufBE)
GET /json/version HTTP/1.1
User-Agent: selenium/4.2.1 (java mac)
host: localhost:62571
accept: */*

Response DefaultHttpResponse(decodeResult: success, version: HTTP/1.1)
HTTP/1.1 200 OK
Content-Type: application/json; charset=UTF-8
content-length: 426

16:37:40.036  DEBUG o.a.netty.channel.ChannelManager - Adding key: http://localhost:62571 for channel [id: 0x2b66c8e3, L:/127.0.0.1:62579 - R:localhost/127.0.0.1:62571]
16:37:40.049  DEBUG i.n.util.internal.ThreadLocalRandom - -Dio.netty.initialSeedUniquifier: 0x8489e3b4900bc763
16:37:40.087  DEBUG o.a.n.channel.NettyConnectListener - Using new Channel '[id: 0x69882d12, L:/127.0.0.1:62580 - R:localhost/127.0.0.1:62571]' for 'GET' to '/devtools/browser/99b49bac-238c-4a06-933b-79fe352499c4'
16:37:40.125  DEBUG o.a.netty.handler.WebSocketHandler - 

Request DefaultFullHttpRequest(decodeResult: success, version: HTTP/1.1, content: EmptyByteBufBE)
GET /devtools/browser/99b49bac-238c-4a06-933b-79fe352499c4 HTTP/1.1
upgrade: websocket
connection: upgrade
sec-websocket-key: yvC8QT3LqELLT4dAgXq0DA==
sec-websocket-version: 13
origin: http://localhost:62571
host: localhost:62571
accept: */*
user-agent: AHC/2.1

Response DefaultHttpResponse(decodeResult: success, version: HTTP/1.1)
HTTP/1.1 101 WebSocket Protocol Handshake
Upgrade: WebSocket
Connection: Upgrade
Sec-WebSocket-Accept: 0AIIeVwvXhkifSaK9Ia925CyiK4=

16:37:40.175  DEBUG o.a.netty.request.NettyRequestSender - Using pooled Channel '[id: 0x530433d4, L:/127.0.0.1:62566 - R:localhost/127.0.0.1:61875]' for 'POST' to 'http://localhost:61875/session/7bf45de01c75944167b1180f925e0485/window/maximize'
16:37:40.185  DEBUG o.a.netty.request.NettyRequestSender - Using open Channel [id: 0x530433d4, L:/127.0.0.1:62566 - R:localhost/127.0.0.1:61875] for POST '/session/7bf45de01c75944167b1180f925e0485/window/maximize'
16:37:40.311  DEBUG o.a.netty.handler.HttpHandler - 

Request DefaultHttpRequest(decodeResult: success, version: HTTP/1.1)
POST /session/7bf45de01c75944167b1180f925e0485/window/maximize HTTP/1.1
User-Agent: selenium/4.2.1 (java mac)
Content-Length: 3
Content-Type: application/json; charset=utf-8
host: localhost:61875
accept: */*

Response DefaultHttpResponse(decodeResult: success, version: HTTP/1.1)
HTTP/1.1 200 OK
Content-Type: application/json; charset=utf-8
cache-control: no-cache
content-length: 50

16:37:40.312  DEBUG o.a.netty.channel.ChannelManager - Adding key: http://localhost:61875 for channel [id: 0x530433d4, L:/127.0.0.1:62566 - R:localhost/127.0.0.1:61875]
16:37:40.328  INFO  pages.HomePage - Start method -->   
16:37:40.354  DEBUG o.a.netty.request.NettyRequestSender - Using pooled Channel '[id: 0x530433d4, L:/127.0.0.1:62566 - R:localhost/127.0.0.1:61875]' for 'POST' to 'http://localhost:61875/session/7bf45de01c75944167b1180f925e0485/url'
16:37:40.355  DEBUG o.a.netty.request.NettyRequestSender - Using open Channel [id: 0x530433d4, L:/127.0.0.1:62566 - R:localhost/127.0.0.1:61875] for POST '/session/7bf45de01c75944167b1180f925e0485/url'
16:37:40.442  DEBUG o.a.netty.channel.DefaultChannelPool - Entry count for : http://localhost:62571 : 1
16:37:41.542  DEBUG o.a.netty.channel.DefaultChannelPool - Entry count for : http://localhost:62571 : 1
16:37:41.629  DEBUG o.a.netty.handler.HttpHandler - 

Request DefaultHttpRequest(decodeResult: success, version: HTTP/1.1)
POST /session/7bf45de01c75944167b1180f925e0485/url HTTP/1.1
User-Agent: selenium/4.2.1 (java mac)
Content-Length: 53
Content-Type: application/json; charset=utf-8
host: localhost:61875
accept: */*

Response DefaultHttpResponse(decodeResult: success, version: HTTP/1.1)
HTTP/1.1 200 OK
Content-Type: application/json; charset=utf-8
cache-control: no-cache
content-length: 14

16:37:41.630  DEBUG o.a.netty.channel.ChannelManager - Adding key: http://localhost:61875 for channel [id: 0x530433d4, L:/127.0.0.1:62566 - R:localhost/127.0.0.1:61875]
16:37:41.639  DEBUG o.a.netty.request.NettyRequestSender - Using pooled Channel '[id: 0x530433d4, L:/127.0.0.1:62566 - R:localhost/127.0.0.1:61875]' for 'DELETE' to 'http://localhost:61875/session/7bf45de01c75944167b1180f925e0485'
16:37:41.640  DEBUG o.a.netty.request.NettyRequestSender - Using open Channel [id: 0x530433d4, L:/127.0.0.1:62566 - R:localhost/127.0.0.1:61875] for DELETE '/session/7bf45de01c75944167b1180f925e0485'
16:37:41.640  DEBUG o.a.netty.handler.WebSocketHandler - Channel Closed: [id: 0x69882d12, L:/127.0.0.1:62580 ! R:localhost/127.0.0.1:62571] with attribute NettyResponseFuture{currentRetry=0,
	isDone=1,
	isCancelled=0,
	asyncHandler=org.asynchttpclient.ws.WebSocketUpgradeHandler@4f517cac,
	nettyRequest=org.asynchttpclient.netty.request.NettyRequest@188b54a3,
	future=java.util.concurrent.CompletableFuture@4c627408[Completed normally],
	uri=ws://localhost:62571/devtools/browser/99b49bac-238c-4a06-933b-79fe352499c4,
	keepAlive=true,
	redirectCount=0,
	timeoutsHolder=null,
	inAuth=0,
	touch=1655991460153}
16:37:41.642  DEBUG o.a.netty.channel.ChannelManager - Closing Channel [id: 0x69882d12, L:/127.0.0.1:62580 ! R:localhost/127.0.0.1:62571] 
16:37:41.660  DEBUG o.a.netty.handler.HttpHandler - Channel Closed: [id: 0x2b66c8e3, L:/127.0.0.1:62579 ! R:localhost/127.0.0.1:62571] with attribute DISCARD
16:37:41.691  DEBUG o.a.netty.handler.HttpHandler - 

Request DefaultFullHttpRequest(decodeResult: success, version: HTTP/1.1, content: EmptyByteBufBE)
DELETE /session/7bf45de01c75944167b1180f925e0485 HTTP/1.1
User-Agent: selenium/4.2.1 (java mac)
Content-Type: application/json; charset=utf-8
host: localhost:61875
accept: */*

Response DefaultHttpResponse(decodeResult: success, version: HTTP/1.1)
HTTP/1.1 200 OK
Content-Type: application/json; charset=utf-8
cache-control: no-cache
content-length: 14

16:37:41.692  DEBUG o.a.netty.channel.ChannelManager - Adding key: http://localhost:61875 for channel [id: 0x530433d4, L:/127.0.0.1:62566 - R:localhost/127.0.0.1:61875]
16:37:41.711  DEBUG o.a.netty.handler.HttpHandler - Channel Closed: [id: 0x530433d4, L:/127.0.0.1:62566 ! R:localhost/127.0.0.1:61875] with attribute DISCARD
